<?xml version="1.0" encoding="UTF-8"?>
<testsuite name="LeetspeakTest" tests="1" skipped="0" failures="0" errors="0" timestamp="2016-04-20T04:28:31" hostname="StompyComp" time="0.004">
  <properties/>
  <testcase name="convert_replaceLettersWithLeet_3" classname="LeetspeakTest" time="0.004"/>
  <system-out><![CDATA[]]></system-out>
  <system-err><![CDATA[]]></system-err>
</testsuite>
