<?xml version="1.0" encoding="UTF-8"?>
<testsuite name="LeetspeakTest" tests="4" skipped="0" failures="0" errors="0" timestamp="2016-04-20T22:13:38" hostname="epicodus-58.local" time="0.002">
  <properties/>
  <testcase name="convert_replaceLettersWithLeet_E_3" classname="LeetspeakTest" time="0.001"/>
  <testcase name="convert_replaceLettersWithLeet_S_S" classname="LeetspeakTest" time="0.0"/>
  <testcase name="convert_replaceLettersWithLeet_e_3" classname="LeetspeakTest" time="0.0"/>
  <testcase name="convert_replaceLettersWithLeet_mult" classname="LeetspeakTest" time="0.0"/>
  <system-out><![CDATA[]]></system-out>
  <system-err><![CDATA[]]></system-err>
</testsuite>
